<?xml version="1.0" encoding="utf-8"?><testsuites name="pytest tests"><testsuite name="pytest" errors="0" failures="0" skipped="0" tests="161" time="5.545" timestamp="2026-09-13T14:53:02.023533+07:00" hostname="Achmads-MacBook-Air.local"><testcase classname="tests.contract.test_contract" name="test_schema_generated_and_bundle_validate" time="0.212" /><testcase classname="tests.contract.test_contract" name="test_duplicate_keys_nan_infinity" time="0.000" /><testcase classname="tests.contract.test_contract" name="test_jcs_known_vector" time="0.000" /><testcase classname="tests.contract.test_contract" name="test_unsupported_version_empty_caption_and_key" time="0.019" /><testcase classname="tests.contract.test_contract" name="test_invariants[probability]" time="0.125" /><testcase classname="tests.contract.test_contract" name="test_invariants[bbox]" time="0.126" /><testcase classname="tests.contract.test_contract" name="test_invariants[mode]" time="0.126" /><testcase classname="tests.contract.test_contract" name="test_invariants[dangling]" time="0.127" /><testcase classname="tests.contract.test_contract" name="test_invariants[cycle]" time="0.124" /><testcase classname="tests.contract.test_contract" name="test_invariants[span]" time="0.127" /><testcase classname="tests.contract.test_contract" name="test_invariants[duplicate]" time="0.165" /><testcase classname="tests.contract.test_contract" name="test_invariants[identity]" time="0.129" /><testcase classname="tests.contract.test_contract" name="test_missing_is_not_null" time="0.016" /><testcase classname="tests.contract.test_contract" name="test_uri_not_identity" time="0.125" /><testcase classname="tests.contract.test_contract" name="test_source_examples_are_actually_checked" time="0.000" /><testcase classname="tests.contract.test_downstream" name="test_evidence_invariants[excerpt]" time="0.001" /><testcase classname="tests.contract.test_downstream" name="test_evidence_invariants[hash]" time="0.000" /><testcase classname="tests.contract.test_downstream" name="test_evidence_invariants[reference]" time="0.001" /><testcase classname="tests.contract.test_downstream" name="test_evidence_invariants[atom_set]" time="0.000" /><testcase classname="tests.contract.test_downstream" name="test_evidence_invariants[run_mode]" time="0.000" /><testcase classname="tests.contract.test_downstream" name="test_decision_null_calibration_abstains" time="0.001" /><testcase classname="tests.contract.test_downstream" name="test_decision_guards[operational_label]" time="0.001" /><testcase classname="tests.contract.test_downstream" name="test_decision_guards[false_set]" time="0.001" /><testcase classname="tests.contract.test_downstream" name="test_decision_guards[duplicate_set]" time="0.001" /><testcase classname="tests.contract.test_downstream" name="test_decision_guards[missing_atom]" time="0.000" /><testcase classname="tests.contract.test_downstream" name="test_decision_guards[dangling_quote]" time="0.001" /><testcase classname="tests.integration.test_api" name="test_upload_real_type_size_and_exif" time="0.035" /><testcase classname="tests.integration.test_api" name="test_upload_large" time="0.009" /><testcase classname="tests.integration.test_api" name="test_multi_upload_batch_and_thumbnail" time="0.015" /><testcase classname="tests.integration.test_api" name="test_multi_upload_count_limit" time="0.009" /><testcase classname="tests.integration.test_api" name="test_fixture_semantics[supported-Supported]" time="0.124" /><testcase classname="tests.integration.test_api" name="test_fixture_semantics[contradicted-Contradicted]" time="0.126" /><testcase classname="tests.integration.test_api" name="test_fixture_semantics[unobservable-Unobservable]" time="0.129" /><testcase classname="tests.integration.test_api" name="test_origin_screen_stays_module_local_and_preserves_visual_semantics" time="0.126" /><testcase classname="tests.integration.test_api" name="test_ready_reports_origin_screen_and_unconfigured_mafindo" time="0.027" /><testcase classname="tests.integration.test_api" name="test_live_real_pipeline_and_no_false_contradiction" time="0.238" /><testcase classname="tests.integration.test_api" name="test_idempotency_jcs_conflict_and_restart" time="0.136" /><testcase classname="tests.integration.test_api" name="test_expired_lease_recovery" time="0.126" /><testcase classname="tests.integration.test_api" name="test_correction_stale_and_original_preserved" time="0.240" /><testcase classname="tests.integration.test_api" name="test_revision_and_queued_stale_result" time="0.236" /><testcase classname="tests.integration.test_api" name="test_export_import_portable" time="0.266" /><testcase classname="tests.integration.test_api" name="test_unsafe_import[traversal]" time="0.016" /><testcase classname="tests.integration.test_api" name="test_unsafe_import[absolute]" time="0.014" /><testcase classname="tests.integration.test_api" name="test_unsafe_import[symlink]" time="0.015" /><testcase classname="tests.integration.test_api" name="test_unsafe_import[duplicate]" time="0.014" /><testcase classname="tests.integration.test_api" name="test_unsafe_import[bomb]" time="0.017" /><testcase classname="tests.integration.test_api" name="test_unsafe_import[hash]" time="0.062" /><testcase classname="tests.integration.test_api" name="test_json_import_without_media" time="0.017" /><testcase classname="tests.integration.test_api" name="test_missing_model_failure" time="0.975" /><testcase classname="tests.integration.test_api" name="test_cancel_and_readiness" time="0.062" /><testcase classname="tests.integration.test_api" name="test_auth_origin_host_and_security_headers" time="0.029" /><testcase classname="tests.integration.test_api" name="test_public_configuration_rejects_weak_auth_and_wildcards" time="0.004" /><testcase classname="tests.integration.test_api" name="test_chunked_body_limit" time="0.009" /><testcase classname="tests.integration.test_api" name="test_preflight_for_authenticated_frontend" time="0.009" /><testcase classname="tests.integration.test_api" name="test_idempotency_survives_asset_unavailability" time="0.020" /><testcase classname="tests.unit.test_backup" name="test_backup_and_verify_round_trip" time="0.020" /><testcase classname="tests.unit.test_backup" name="test_backup_database_copy_can_be_opened" time="0.008" /><testcase classname="tests.unit.test_backup" name="test_backup_excludes_sqlite_sidecars_and_rejects_nested_output" time="0.006" /><testcase classname="tests.unit.test_backup" name="test_backup_rejects_symbolic_links" time="0.005" /><testcase classname="tests.unit.test_backup" name="test_backup_rejects_symbolic_database" time="0.003" /><testcase classname="tests.unit.test_backup" name="test_backup_rejects_malformed_manifest" time="0.001" /><testcase classname="tests.unit.test_backup" name="test_restore_requires_empty_destination" time="0.006" /><testcase classname="tests.unit.test_backup" name="test_backups_created_in_same_second_are_unique" time="0.008" /><testcase classname="tests.unit.test_hive" name="test_v2_media_request_uses_token_and_media_without_leaking_secret" time="0.003" /><testcase classname="tests.unit.test_hive" name="test_v2_translation_uses_exact_text_data_and_language_options" time="0.000" /><testcase classname="tests.unit.test_hive" name="test_v2_errors_are_bounded_and_redacted[response0-redirect_rejected]" time="0.001" /><testcase classname="tests.unit.test_hive" name="test_v2_errors_are_bounded_and_redacted[response1-rate_limited]" time="0.001" /><testcase classname="tests.unit.test_hive" name="test_v2_errors_are_bounded_and_redacted[response2-http_error]" time="0.001" /><testcase classname="tests.unit.test_hive" name="test_v2_errors_are_bounded_and_redacted[response3-response_too_large]" time="0.001" /><testcase classname="tests.unit.test_hive" name="test_v2_errors_are_bounded_and_redacted[response4-malformed_response]" time="0.001" /><testcase classname="tests.unit.test_hive" name="test_v2_errors_are_bounded_and_redacted[response5-malformed_response]" time="0.001" /><testcase classname="tests.unit.test_hive" name="test_v2_timeout_and_network_errors_are_sanitized" time="0.001" /><testcase classname="tests.unit.test_hive" name="test_v2_streamed_response_limit" time="0.001" /><testcase classname="tests.unit.test_hive" name="test_mixed_v2_entries_preserve_success_and_failure" time="0.000" /><testcase classname="tests.unit.test_hive" name="test_all_failed_v2_entries_are_explicit_failures" time="0.000" /><testcase classname="tests.unit.test_hive" name="test_v2_origin_semantics_keep_aggregate_face_and_metadata_distinct" time="0.000" /><testcase classname="tests.unit.test_hive" name="test_not_ai_and_missing_deepfake_are_not_authenticity_evidence" time="0.000" /><testcase classname="tests.unit.test_hive" name="test_explicit_no_face_is_not_applicable_not_authenticity" time="0.000" /><testcase classname="tests.unit.test_hive" name="test_stage3_models_normalize_provider_specific_diagnostics" time="0.001" /><testcase classname="tests.unit.test_hive" name="test_provider_regions_preserve_asset_and_run_identity" time="0.000" /><testcase classname="tests.unit.test_hive" name="test_v3_uses_bearer_structured_output_and_nested_strict_json" time="0.001" /><testcase classname="tests.unit.test_hive" name="test_v3_rejects_duplicate_outer_and_nested_json" time="0.001" /><testcase classname="tests.unit.test_hive" name="test_hive_atomizer_preserves_caption_spans_and_nulls_confidence" time="0.000" /><testcase classname="tests.unit.test_hive" name="test_structured_atoms_reject_ungrounded_dangling_and_invalid_spans[&lt;lambda&gt;0]" time="0.000" /><testcase classname="tests.unit.test_hive" name="test_structured_atoms_reject_ungrounded_dangling_and_invalid_spans[&lt;lambda&gt;1]" time="0.000" /><testcase classname="tests.unit.test_hive" name="test_structured_atoms_reject_ungrounded_dangling_and_invalid_spans[&lt;lambda&gt;2]" time="0.000" /><testcase classname="tests.unit.test_hive" name="test_structured_atoms_reject_cycles" time="0.000" /><testcase classname="tests.unit.test_hive" name="test_structured_atoms_reject_duplicate_ids_dependencies_and_negation_mismatch" time="0.000" /><testcase classname="tests.unit.test_hive" name="test_v3_observation_uses_data_uri_and_enforces_encoded_limit" time="0.001" /><testcase classname="tests.unit.test_hive" name="test_people_count_keeps_provider_categories[0]" time="0.000" /><testcase classname="tests.unit.test_hive" name="test_people_count_keeps_provider_categories[1]" time="0.000" /><testcase classname="tests.unit.test_hive" name="test_people_count_keeps_provider_categories[2]" time="0.000" /><testcase classname="tests.unit.test_hive" name="test_people_count_keeps_provider_categories[3]" time="0.000" /><testcase classname="tests.unit.test_hive" name="test_people_count_keeps_provider_categories[4]" time="0.000" /><testcase classname="tests.unit.test_hive" name="test_people_count_keeps_provider_categories[5+]" time="0.000" /><testcase classname="tests.unit.test_hive" name="test_grouping_requires_same_key_and_representation" time="0.000" /><testcase classname="tests.unit.test_hive" name="test_observation_normalization_downgrades_incomplete_contradiction" time="0.000" /><testcase classname="tests.unit.test_hive" name="test_observation_normalization_rejects_invalid_provider_data[value0-invalid_atom_reference]" time="0.000" /><testcase classname="tests.unit.test_hive" name="test_observation_normalization_rejects_invalid_provider_data[value1-invalid_atom_reference]" time="0.000" /><testcase classname="tests.unit.test_hive" name="test_observation_normalization_rejects_invalid_provider_data[value2-invalid_bbox]" time="0.000" /><testcase classname="tests.unit.test_hive" name="test_observation_normalization_rejects_invalid_provider_data[value3-invalid_bbox]" time="0.000" /><testcase classname="tests.unit.test_hive" name="test_observation_normalization_rejects_invalid_provider_data[value4-malformed_response]" time="0.000" /><testcase classname="tests.unit.test_hive" name="test_observation_normalization_rejects_invalid_provider_data[value5-malformed_response]" time="0.000" /><testcase classname="tests.unit.test_hive" name="test_fusion_support_and_explicit_contradiction_require_region" time="0.000" /><testcase classname="tests.unit.test_hive" name="test_fusion_preserves_unobservable_without_eligible_explicit_evidence[candidate_atom0-candidate_observation0]" time="0.000" /><testcase classname="tests.unit.test_hive" name="test_fusion_preserves_unobservable_without_eligible_explicit_evidence[candidate_atom1-candidate_observation1]" time="0.000" /><testcase classname="tests.unit.test_hive" name="test_fusion_preserves_unobservable_without_eligible_explicit_evidence[candidate_atom2-candidate_observation2]" time="0.000" /><testcase classname="tests.unit.test_hive" name="test_fusion_preserves_unobservable_without_eligible_explicit_evidence[candidate_atom3-candidate_observation3]" time="0.000" /><testcase classname="tests.unit.test_hive" name="test_fusion_preserves_unobservable_without_eligible_explicit_evidence[candidate_atom4-candidate_observation4]" time="0.000" /><testcase classname="tests.unit.test_hive" name="test_fusion_disagreement_clears_local_evidence" time="0.000" /><testcase classname="tests.unit.test_ocr_and_vision" name="test_real_ocr_is_observation_not_capture_date" time="0.131" /><testcase classname="tests.unit.test_ocr_and_vision" name="test_cache_invalidation_and_grid_cap" time="0.017" /><testcase classname="tests.unit.test_ocr_and_vision" name="test_robustness_transforms[blur]" time="0.000" /><testcase classname="tests.unit.test_ocr_and_vision" name="test_robustness_transforms[crop]" time="0.000" /><testcase classname="tests.unit.test_ocr_and_vision" name="test_robustness_transforms[ocr-overlay]" time="0.001" /><testcase classname="tests.unit.test_ocr_and_vision" name="test_grid_covers_image_even_when_k_not_square" time="0.002" /><testcase classname="tests.unit.test_origin_screen_and_mafindo" name="test_origin_screen_marks_generator_metadata_without_deciding_truth" time="0.001" /><testcase classname="tests.unit.test_origin_screen_and_mafindo" name="test_origin_screen_reports_c2pa_marker_as_unverified" time="0.001" /><testcase classname="tests.unit.test_origin_screen_and_mafindo" name="test_origin_screen_camera_metadata_is_not_a_negative_detector_result" time="0.001" /><testcase classname="tests.unit.test_origin_screen_and_mafindo" name="test_origin_screen_invalid_file_is_bounded" time="0.001" /><testcase classname="tests.unit.test_origin_screen_and_mafindo" name="test_mafindo_client_normalizes_response_and_hides_credential" time="0.001" /><testcase classname="tests.unit.test_origin_screen_and_mafindo" name="test_mafindo_failure_and_redaction_never_surface_key" time="0.000" /><testcase classname="tests.unit.test_origin_screen_and_mafindo" name="test_mafindo_requires_server_configuration_without_requesting_provider" time="0.000" /><testcase classname="tests.unit.test_origin_screen_and_mafindo" name="test_mafindo_rejects_invalid_diagnostic_inputs" time="0.000" /><testcase classname="tests.unit.test_origin_screen_and_mafindo" name="test_mafindo_limits_provider_response_and_hides_key_on_http_failure" time="0.000" /><testcase classname="tests.unit.test_origin_screen_and_mafindo" name="test_mafindo_limits_rows_redacts_encoded_key_and_rejects_nested_status" time="0.001" /><testcase classname="tests.unit.test_origin_screen_and_mafindo" name="test_mafindo_rejects_oversized_provider_response_without_leaking_key" time="0.000" /><testcase classname="tests.unit.test_parser" name="test_empty" time="0.000" /><testcase classname="tests.unit.test_parser" name="test_negation_and_number" time="0.000" /><testcase classname="tests.unit.test_parser" name="test_role_swap" time="0.000" /><testcase classname="tests.unit.test_parser" name="test_id_dates_location_and_affiliation" time="0.000" /><testcase classname="tests.unit.test_parser" name="test_unicode_spans" time="0.000" /><testcase classname="tests.unit.test_parser" name="test_english_and_ambiguity" time="0.000" /><testcase classname="tests.unit.test_parser" name="test_unknown_llm_not_requested" time="0.000" /><testcase classname="tests.unit.test_parser" name="test_weak_no_visual_label_for_unobserved_changes" time="0.001" /><testcase classname="tests.unit.test_parser" name="test_parser_determinism_no_duplicates" time="0.000" /><testcase classname="tests.unit.test_parser" name="test_decimal_sign_passive_and_independent_clauses" time="0.000" /><testcase classname="tests.unit.test_training" name="test_train_save_resume_predict_and_gate" time="0.119" /><testcase classname="tests.unit.test_training" name="test_checkpoint_tamper" time="0.029" /><testcase classname="tests.unit.test_training" name="test_cli_inference_preserves_checkpoint_method[predict]" time="0.016" /><testcase classname="tests.unit.test_training" name="test_cli_inference_preserves_checkpoint_method[evaluate]" time="0.015" /><testcase classname="tests.unit.test_training" name="test_cli_rejects_changed_features_with_same_dimension[predict]" time="0.032" /><testcase classname="tests.unit.test_training" name="test_cli_rejects_changed_features_with_same_dimension[evaluate]" time="0.031" /><testcase classname="tests.unit.test_training" name="test_pixel_robustness_rejects_mismatch_except_explicit_fixture_smoke" time="0.040" /><testcase classname="tests.unit.test_training" name="test_split_leakage_rejected" time="0.001" /><testcase classname="tests.unit.test_training" name="test_metrics_grouping_and_probes" time="0.002" /><testcase classname="tests.unit.test_uot" name="test_uot_reference_objective" time="0.007" /><testcase classname="tests.unit.test_uot" name="test_mass_nonnegative_range_and_difference" time="0.002" /><testcase classname="tests.unit.test_uot" name="test_large_mass_penalty_balanced_limit" time="0.109" /><testcase classname="tests.unit.test_uot" name="test_kl_includes_mass_terms" time="0.000" /><testcase classname="tests.unit.test_uot" name="test_bad_matrix[cost0]" time="0.000" /><testcase classname="tests.unit.test_uot" name="test_bad_matrix[cost1]" time="0.000" /><testcase classname="tests.unit.test_uot" name="test_bad_matrix[cost2]" time="0.000" /><testcase classname="tests.unit.test_uot" name="test_nonconvergence_reported" time="0.000" /><testcase classname="tests.unit.test_uot" name="test_autograd_projector_and_learned_cost" time="0.004" /><testcase classname="tests.unit.test_uot" name="test_all_baselines[global]" time="0.000" /><testcase classname="tests.unit.test_uot" name="test_all_baselines[max-region]" time="0.000" /><testcase classname="tests.unit.test_uot" name="test_all_baselines[mean-region]" time="0.000" /><testcase classname="tests.unit.test_uot" name="test_all_baselines[attention]" time="0.000" /><testcase classname="tests.unit.test_uot" name="test_all_baselines[balanced-ot]" time="0.005" /><testcase classname="tests.unit.test_uot" name="test_all_baselines[uot]" time="0.002" /></testsuite></testsuites>